
> weehours-pub@1.0.0 web
> ts-node src/server/index.ts

WeeHours MUD Web Server
=======================
Starting on port 3000...
Creating database tables...
Executing statement 1/4: CREATE TABLE IF NOT EXISTS user_sessions (
    id ...
Statement 1 executed successfully
Executing statement 2/4: CREATE TABLE IF NOT EXISTS raw_messages (
    id I...
Statement 2 executed successfully
Executing statement 3/4: CREATE TABLE IF NOT EXISTS parsed_events (
    id ...
Statement 3 executed successfully
Executing statement 4/4: CREATE TABLE IF NOT EXISTS chat_messages (
    id ...
Statement 4 executed successfully
Database initialized successfully
WebServer running on http://localhost:3000
WebSocket server ready for connections
Next.js app ready
 ○ Compiling / ...
 ✓ Compiled / in 2.3s (669 modules)
 GET / 200 in 4899ms
New WebSocket connection
 GET / 200 in 50ms

> weehours-pub@1.0.0 web
> ts-node src/server/index.ts

WeeHours MUD Web Server
=======================
Starting on port 3000...
Creating database tables...
Executing statement 1/4: CREATE TABLE IF NOT EXISTS user_sessions (
    id ...
Statement 1 executed successfully
Executing statement 2/4: CREATE TABLE IF NOT EXISTS raw_messages (
    id I...
Statement 2 executed successfully
Executing statement 3/4: CREATE TABLE IF NOT EXISTS parsed_events (
    id ...
Statement 3 executed successfully
Executing statement 4/4: CREATE TABLE IF NOT EXISTS chat_messages (
    id ...
Statement 4 executed successfully
Database initialized successfully
WebServer running on http://localhost:3000
WebSocket server ready for connections
Next.js app ready
 ○ Compiling / ...
 ✓ Compiled / in 1684ms (669 modules)
 GET / 200 in 3832ms
New WebSocket connection
New WebSocket connection
New WebSocket connection
New WebSocket connection
New WebSocket connection
New WebSocket connection
New WebSocket connection
New WebSocket connection
New WebSocket connection
New WebSocket connection
New WebSocket connection
New WebSocket connection
New WebSocket connection
New WebSocket connection
New WebSocket connection
Creating database tables...
Executing statement 1/4: CREATE TABLE IF NOT EXISTS user_sessions (
    id ...
Statement 1 executed successfully
Executing statement 2/4: CREATE TABLE IF NOT EXISTS raw_messages (
    id I...
Statement 2 executed successfully
Executing statement 3/4: CREATE TABLE IF NOT EXISTS parsed_events (
    id ...
Statement 3 executed successfully
Executing statement 4/4: CREATE TABLE IF NOT EXISTS chat_messages (
    id ...
Statement 4 executed successfully
Database initialized successfully
New WebSocket connection
New WebSocket connection
New WebSocket connection
New WebSocket connection
New WebSocket connection
New WebSocket connection
New WebSocket connection
New WebSocket connection
New WebSocket connection
New WebSocket connection
New WebSocket connection
New WebSocket connection
New WebSocket connection
New WebSocket connection
New WebSocket connection
New WebSocket connection
New WebSocket connection
New WebSocket connection
New WebSocket connection
New WebSocket connection
New WebSocket connection
New WebSocket connection
New WebSocket connection
New WebSocket connection
New WebSocket connection
New WebSocket connection
New WebSocket connection
New WebSocket connection
New WebSocket connection
New WebSocket connection
New WebSocket connection
New WebSocket connection
New WebSocket connection
New WebSocket connection
New WebSocket connection
New WebSocket connection
New WebSocket connection
New WebSocket connection
